This is XeTeX, Version 3.14159265-2.6-0.999992 (TeX Live 2020) (preloaded format=xelatex 2020.11.12)  30 JAN 2025 15:21
entering extended mode
 restricted \write18 enabled.
 %&-line parsing enabled.
**moghadamat.tex
(./moghadamat.tex
LaTeX2e <2020-10-01> patch level 2
L3 programming layer <2020-10-27> xparse <2020-03-03>
! Undefined control sequence.
l.1 \chapter
            {مقدمه}
The control sequence at the end of the top line
of your error message was never \def'ed. If you have
misspelled it (e.g., `\hobx'), type `I' and the correct
spelling (e.g., `I\hbox'). Otherwise just continue,
and I'll forget about whatever was undefined.


! LaTeX Error: Missing \begin{document}.

See the LaTeX manual or LaTeX Companion for explanation.
Type  H <return>  for immediate help.
 ...                                              
                                                  
l.1 \chapter{م
              قدمه}
You're in trouble here.  Try typing  <return>  to proceed.
If that doesn't work, type  X <return>  to quit.

Missing character: There is no م in font nullfont!
Missing character: There is no ق in font nullfont!
Missing character: There is no د in font nullfont!
Missing character: There is no م in font nullfont!
Missing character: There is no ه in font nullfont!
! Undefined control sequence.
l.2 \section
            {مقدمه}
The control sequence at the end of the top line
of your error message was never \def'ed. If you have
misspelled it (e.g., `\hobx'), type `I' and the correct
spelling (e.g., `I\hbox'). Otherwise just continue,
and I'll forget about whatever was undefined.

Missing character: There is no م in font nullfont!
Missing character: There is no ق in font nullfont!
Missing character: There is no د in font nullfont!
Missing character: There is no م in font nullfont!
Missing character: There is no ه in font nullfont!
Missing character: There is no ج in font nullfont!
Missing character: There is no ب in font nullfont!
Missing character: There is no ر in font nullfont!
Missing character: There is no خ in font nullfont!
Missing character: There is no ط in font nullfont!
Missing character: There is no ی in font nullfont!
Missing character: There is no ع in font nullfont!
Missing character: There is no د in font nullfont!
Missing character: There is no د in font nullfont!
Missing character: There is no ی in font nullfont!
Missing character: There is no ش in font nullfont!
Missing character: There is no ا in font nullfont!
Missing character: There is no خ in font nullfont!
Missing character: There is no ه in font nullfont!
Missing character: There is no ‌ in font nullfont!
Missing character: There is no ا in font nullfont!
Missing character: There is no ی in font nullfont!
Missing character: There is no ا in font nullfont!
Missing character: There is no ز in font nullfont!
Missing character: There is no ر in font nullfont!
Missing character: There is no ی in font nullfont!
Missing character: There is no ا in font nullfont!
Missing character: There is no ض in font nullfont!
Missing character: There is no ی in font nullfont!
Missing character: There is no ا in font nullfont!
Missing character: There is no ت in font nullfont!
Missing character: There is no ک in font nullfont!
Missing character: There is no ا in font nullfont!
Missing character: There is no ر in font nullfont!
Missing character: There is no ب in font nullfont!
Missing character: There is no ر in font nullfont!
Missing character: There is no د in font nullfont!
Missing character: There is no ی in font nullfont!
Missing character: There is no و in font nullfont!
Missing character: There is no م in font nullfont!
Missing character: There is no ح in font nullfont!
Missing character: There is no ا in font nullfont!
Missing character: There is no س in font nullfont!
Missing character: There is no ب in font nullfont!
Missing character: There is no ا in font nullfont!
Missing character: There is no ت in font nullfont!
Missing character: There is no ی in font nullfont!
Missing character: There is no ا in font nullfont!
Missing character: There is no س in font nullfont!
Missing character: There is no ت in font nullfont!
Missing character: There is no ک in font nullfont!
Missing character: There is no ه in font nullfont!
Missing character: There is no ب in font nullfont!
Missing character: There is no ه in font nullfont!
Missing character: There is no م in font nullfont!
Missing character: There is no ط in font nullfont!
Missing character: There is no ا in font nullfont!
Missing character: There is no ل in font nullfont!
Missing character: There is no ع in font nullfont!
Missing character: There is no ه in font nullfont!
Missing character: There is no و in font nullfont!
Missing character: There is no ت in font nullfont!
Missing character: There is no و in font nullfont!
Missing character: There is no س in font nullfont!
Missing character: There is no ع in font nullfont!
Missing character: There is no ه in font nullfont!
Missing character: There is no ا in font nullfont!
Missing character: There is no ل in font nullfont!
Missing character: There is no گ in font nullfont!
Missing character: There is no و in font nullfont!
Missing character: There is no ر in font nullfont!
Missing character: There is no ی in font nullfont!
Missing character: There is no ت in font nullfont!
Missing character: There is no م in font nullfont!
Missing character: There is no ‌ in font nullfont!
Missing character: There is no ه in font nullfont!
Missing character: There is no ا in font nullfont!
Missing character: There is no ی in font nullfont!
Missing character: There is no ع in font nullfont!
Missing character: There is no د in font nullfont!
Missing character: There is no د in font nullfont!
Missing character: There is no ی in font nullfont!
Missing character: There is no ب in font nullfont!
Missing character: There is no ر in font nullfont!
Missing character: There is no ا in font nullfont!
Missing character: There is no ی in font nullfont!
Missing character: There is no ح in font nullfont!
Missing character: There is no ل in font nullfont!
Missing character: There is no م in font nullfont!
Missing character: There is no س in font nullfont!
Missing character: There is no ا in font nullfont!
Missing character: There is no ئ in font nullfont!
Missing character: There is no ل in font nullfont!
Missing character: There is no ج in font nullfont!
Missing character: There is no ب in font nullfont!
Missing character: There is no ر in font nullfont!
Missing character: There is no خ in font nullfont!
Missing character: There is no ط in font nullfont!
Missing character: There is no ی in font nullfont!
Missing character: There is no م in font nullfont!
Missing character: There is no ی in font nullfont!
Missing character: There is no ‌ in font nullfont!
Missing character: There is no پ in font nullfont!
Missing character: There is no ر in font nullfont!
Missing character: There is no د in font nullfont!
Missing character: There is no ا in font nullfont!
Missing character: There is no ز in font nullfont!
Missing character: There is no د in font nullfont!
Missing character: There is no . in font nullfont!
Missing character: There is no ا in font nullfont!
Missing character: There is no ی in font nullfont!
Missing character: There is no ن in font nullfont!
Missing character: There is no د in font nullfont!
Missing character: There is no ر in font nullfont!
Missing character: There is no س in font nullfont!
Missing character: There is no د in font nullfont!
Missing character: There is no ر in font nullfont!
Missing character: There is no ب in font nullfont!
Missing character: There is no س in font nullfont!
Missing character: There is no ی in font nullfont!
Missing character: There is no ا in font nullfont!
Missing character: There is no ر in font nullfont!
Missing character: There is no ی in font nullfont!
Missing character: There is no ا in font nullfont!
Missing character: There is no ز in font nullfont!
Missing character: There is no ح in font nullfont!
Missing character: There is no و in font nullfont!
Missing character: There is no ز in font nullfont!
Missing character: There is no ه in font nullfont!
Missing character: There is no ‌ in font nullfont!
Missing character: There is no ه in font nullfont!
Missing character: There is no ا in font nullfont!
Missing character: There is no ی in font nullfont!
Missing character: There is no ع in font nullfont!
Missing character: There is no ل in font nullfont!
Missing character: There is no م in font nullfont!
Missing character: There is no ی in font nullfont!
Missing character: There is no و in font nullfont!
Missing character: There is no م in font nullfont!
Missing character: There is no ه in font nullfont!
Missing character: There is no ن in font nullfont!
Missing character: There is no د in font nullfont!
Missing character: There is no س in font nullfont!
Missing character: There is no ی in font nullfont!
Missing character: There is no ن in font nullfont!
Missing character: There is no ق in font nullfont!
Missing character: There is no ش in font nullfont!
Missing character: There is no ک in font nullfont!
Missing character: There is no ل in font nullfont!
Missing character: There is no ی in font nullfont!
Missing character: There is no د in font nullfont!
Missing character: There is no ی in font nullfont!
Missing character: There is no د in font nullfont!
Missing character: There is no ا in font nullfont!
Missing character: There is no ر in font nullfont!
Missing character: There is no د in font nullfont!
Missing character: There is no . in font nullfont!

Overfull \hbox (20.0pt too wide) in paragraph at lines 1--4
[]
 []

! Undefined control sequence.
l.5 \section
            {اهداف جبر خطی عددی}
The control sequence at the end of the top line
of your error message was never \def'ed. If you have
misspelled it (e.g., `\hobx'), type `I' and the correct
spelling (e.g., `I\hbox'). Otherwise just continue,
and I'll forget about whatever was undefined.


! LaTeX Error: Missing \begin{document}.

See the LaTeX manual or LaTeX Companion for explanation.
Type  H <return>  for immediate help.
 ...                                              
                                                  
l.5 \section{ا
              هداف جبر خطی عددی}
You're in trouble here.  Try typing  <return>  to proceed.
If that doesn't work, type  X <return>  to quit.

Missing character: There is no ا in font nullfont!
Missing character: There is no ه in font nullfont!
Missing character: There is no د in font nullfont!
Missing character: There is no ا in font nullfont!
Missing character: There is no ف in font nullfont!
Missing character: There is no ج in font nullfont!
Missing character: There is no ب in font nullfont!
Missing character: There is no ر in font nullfont!
Missing character: There is no خ in font nullfont!
Missing character: There is no ط in font nullfont!
Missing character: There is no ی in font nullfont!
Missing character: There is no ع in font nullfont!
Missing character: There is no د in font nullfont!
Missing character: There is no د in font nullfont!
Missing character: There is no ی in font nullfont!

Overfull \hbox (20.0pt too wide) in paragraph at lines 5--6
[]
 []


! LaTeX Error: Missing \begin{document}.

See the LaTeX manual or LaTeX Companion for explanation.
Type  H <return>  for immediate help.
 ...                                              
                                                  
l.7 ا
     هداف اصلی این درس شامل موارد زیر است:
You're in trouble here.  Try typing  <return>  to proceed.
If that doesn't work, type  X <return>  to quit.

Missing character: There is no ا in font nullfont!
Missing character: There is no ه in font nullfont!
Missing character: There is no د in font nullfont!
Missing character: There is no ا in font nullfont!
Missing character: There is no ف in font nullfont!
Missing character: There is no ا in font nullfont!
Missing character: There is no ص in font nullfont!
Missing character: There is no ل in font nullfont!
Missing character: There is no ی in font nullfont!
Missing character: There is no ا in font nullfont!
Missing character: There is no ی in font nullfont!
Missing character: There is no ن in font nullfont!
Missing character: There is no د in font nullfont!
Missing character: There is no ر in font nullfont!
Missing character: There is no س in font nullfont!
Missing character: There is no ش in font nullfont!
Missing character: There is no ا in font nullfont!
Missing character: There is no م in font nullfont!
Missing character: There is no ل in font nullfont!
Missing character: There is no م in font nullfont!
Missing character: There is no و in font nullfont!
Missing character: There is no ا in font nullfont!
Missing character: There is no ر in font nullfont!
Missing character: There is no د in font nullfont!
Missing character: There is no ز in font nullfont!
Missing character: There is no ی in font nullfont!
Missing character: There is no ر in font nullfont!
Missing character: There is no ا in font nullfont!
Missing character: There is no س in font nullfont!
Missing character: There is no ت in font nullfont!
Missing character: There is no : in font nullfont!

Overfull \hbox (20.0pt too wide) in paragraph at lines 7--8
[]
 []


! LaTeX Error: Missing \begin{document}.

See the LaTeX manual or LaTeX Companion for explanation.
Type  H <return>  for immediate help.
 ...                                              
                                                  
l.9 \begin{itemize}
                   
You're in trouble here.  Try typing  <return>  to proceed.
If that doesn't work, type  X <return>  to quit.


Overfull \hbox (20.0pt too wide) in paragraph at lines 9--9
[] 
 []

Missing character: There is no ت in font nullfont!
Missing character: There is no و in font nullfont!
Missing character: There is no س in font nullfont!
Missing character: There is no ع in font nullfont!
Missing character: There is no ه in font nullfont!
Missing character: There is no ا in font nullfont!
Missing character: There is no ل in font nullfont!
Missing character: There is no گ in font nullfont!
Missing character: There is no و in font nullfont!
Missing character: There is no ر in font nullfont!
Missing character: There is no ی in font nullfont!
Missing character: There is no ت in font nullfont!
Missing character: There is no م in font nullfont!
Missing character: There is no ‌ in font nullfont!
Missing character: There is no ه in font nullfont!
Missing character: There is no ا in font nullfont!
Missing character: There is no ی in font nullfont!
Missing character: There is no ک in font nullfont!
Missing character: There is no ا in font nullfont!
Missing character: There is no ر in font nullfont!
Missing character: There is no ا in font nullfont!
Missing character: There is no ب in font nullfont!
Missing character: There is no ر in font nullfont!
Missing character: There is no ا in font nullfont!
Missing character: There is no ی in font nullfont!
Missing character: There is no ح in font nullfont!
Missing character: There is no ل in font nullfont!
Missing character: There is no د in font nullfont!
Missing character: There is no س in font nullfont!
Missing character: There is no ت in font nullfont!
Missing character: There is no گ in font nullfont!
Missing character: There is no ا in font nullfont!
Missing character: There is no ه in font nullfont!
Missing character: There is no ‌ in font nullfont!
Missing character: There is no ه in font nullfont!
Missing character: There is no ا in font nullfont!
Missing character: There is no ی in font nullfont!
Missing character: There is no م in font nullfont!
Missing character: There is no ع in font nullfont!
Missing character: There is no ا in font nullfont!
Missing character: There is no د in font nullfont!
Missing character: There is no ل in font nullfont!
Missing character: There is no ا in font nullfont!
Missing character: There is no ت in font nullfont!
Missing character: There is no خ in font nullfont!
Missing character: There is no ط in font nullfont!
Missing character: There is no ی in font nullfont!
Missing character: There is no . in font nullfont!
Missing character: There is no ت in font nullfont!
Missing character: There is no ق in font nullfont!
Missing character: There is no ر in font nullfont!
Missing character: There is no ی in font nullfont!
Missing character: There is no ب in font nullfont!
Missing character: There is no و in font nullfont!
Missing character: There is no م in font nullfont!
Missing character: There is no ح in font nullfont!
Missing character: There is no ا in font nullfont!
Missing character: There is no س in font nullfont!
Missing character: There is no ب in font nullfont!
Missing character: There is no ه in font nullfont!
Missing character: There is no م in font nullfont!
Missing character: There is no ق in font nullfont!
Missing character: There is no ا in font nullfont!
Missing character: There is no د in font nullfont!
Missing character: There is no ی in font nullfont!
Missing character: There is no ر in font nullfont!
Missing character: There is no و in font nullfont!
Missing character: There is no ب in font nullfont!
Missing character: There is no ر in font nullfont!
Missing character: There is no د in font nullfont!
Missing character: There is no ا in font nullfont!
Missing character: There is no ر in font nullfont!
Missing character: There is no ه in font nullfont!
Missing character: There is no ا in font nullfont!
Missing character: There is no ی in font nullfont!
Missing character: There is no و in font nullfont!
Missing character: There is no ی in font nullfont!
Missing character: There is no ژ in font nullfont!
Missing character: There is no ه in font nullfont!
Missing character: There is no م in font nullfont!
Missing character: There is no ا in font nullfont!
Missing character: There is no ت in font nullfont!
Missing character: There is no ر in font nullfont!
Missing character: There is no ی in font nullfont!
Missing character: There is no س in font nullfont!
Missing character: There is no ‌ in font nullfont!
Missing character: There is no ه in font nullfont!
Missing character: There is no ا in font nullfont!
Missing character: There is no . in font nullfont!
Missing character: There is no ب in font nullfont!
Missing character: There is no ر in font nullfont!
Missing character: There is no ر in font nullfont!
Missing character: There is no س in font nullfont!
Missing character: There is no ی in font nullfont!
Missing character: There is no پ in font nullfont!
Missing character: There is no ا in font nullfont!
Missing character: There is no ی in font nullfont!
Missing character: There is no د in font nullfont!
Missing character: There is no ا in font nullfont!
Missing character: There is no ر in font nullfont!
Missing character: There is no ی in font nullfont!
Missing character: There is no و in font nullfont!
Missing character: There is no د in font nullfont!
Missing character: There is no ق in font nullfont!
Missing character: There is no ت in font nullfont!
Missing character: There is no ر in font nullfont!
Missing character: There is no و in font nullfont!
Missing character: There is no ش in font nullfont!
Missing character: There is no ‌ in font nullfont!
Missing character: There is no ه in font nullfont!
Missing character: There is no ا in font nullfont!
Missing character: There is no ی in font nullfont!
Missing character: There is no ع in font nullfont!
Missing character: There is no د in font nullfont!
Missing character: There is no د in font nullfont!
Missing character: There is no ی in font nullfont!
Missing character: There is no د in font nullfont!
Missing character: There is no ر in font nullfont!
Missing character: There is no ج in font nullfont!
Missing character: There is no ب in font nullfont!
Missing character: There is no ر in font nullfont!
Missing character: There is no خ in font nullfont!
Missing character: There is no ط in font nullfont!
Missing character: There is no ی in font nullfont!
Missing character: There is no . in font nullfont!
Missing character: There is no ا in font nullfont!
Missing character: There is no ر in font nullfont!
Missing character: There is no ا in font nullfont!
Missing character: There is no ئ in font nullfont!
Missing character: There is no ه in font nullfont!
Missing character: There is no ر in font nullfont!
Missing character: There is no و in font nullfont!
Missing character: There is no ش in font nullfont!
Missing character: There is no ‌ in font nullfont!
Missing character: There is no ه in font nullfont!
Missing character: There is no ا in font nullfont!
Missing character: There is no ی in font nullfont!
Missing character: There is no ی in font nullfont!
Missing character: There is no ب in font nullfont!
Missing character: There is no ر in font nullfont!
Missing character: There is no ا in font nullfont!
Missing character: There is no ی in font nullfont!
Missing character: There is no ت in font nullfont!
Missing character: There is no ج in font nullfont!
Missing character: There is no ز in font nullfont!
Missing character: There is no ی in font nullfont!
Missing character: There is no ه in font nullfont!
Missing character: There is no و in font nullfont!
Missing character: There is no ت in font nullfont!
Missing character: There is no ح in font nullfont!
Missing character: There is no ل in font nullfont!
Missing character: There is no ی in font nullfont!
Missing character: There is no ل in font nullfont!
Missing character: There is no م in font nullfont!
Missing character: There is no ا in font nullfont!
Missing character: There is no ت in font nullfont!
Missing character: There is no ر in font nullfont!
Missing character: There is no ی in font nullfont!
Missing character: There is no س in font nullfont!
Missing character: There is no ‌ in font nullfont!
Missing character: There is no ه in font nullfont!
Missing character: There is no ا in font nullfont!
Missing character: There is no م in font nullfont!
Missing character: There is no ا in font nullfont!
Missing character: There is no ن in font nullfont!
Missing character: There is no ن in font nullfont!
Missing character: There is no د in font nullfont!
Missing character: There is no ت in font nullfont!
Missing character: There is no ج in font nullfont!
Missing character: There is no ز in font nullfont!
Missing character: There is no ی in font nullfont!
Missing character: There is no ه in font nullfont!
Missing character: There is no L in font nullfont!
Missing character: There is no U in font nullfont!
Missing character: There is no ، in font nullfont!
Missing character: There is no ت in font nullfont!
Missing character: There is no ج in font nullfont!
Missing character: There is no ز in font nullfont!
Missing character: There is no ی in font nullfont!
Missing character: There is no ه in font nullfont!
Missing character: There is no Q in font nullfont!
Missing character: There is no R in font nullfont!
Missing character: There is no و in font nullfont!
Missing character: There is no ت in font nullfont!
Missing character: There is no ج in font nullfont!
Missing character: There is no ز in font nullfont!
Missing character: There is no ی in font nullfont!
Missing character: There is no ه in font nullfont!
Missing character: There is no S in font nullfont!
Missing character: There is no V in font nullfont!
Missing character: There is no D in font nullfont!
Missing character: There is no . in font nullfont!
Missing character: There is no ک in font nullfont!
Missing character: There is no ا in font nullfont!
Missing character: There is no ر in font nullfont!
Missing character: There is no ب in font nullfont!
Missing character: There is no ر in font nullfont!
Missing character: There is no د in font nullfont!
Missing character: There is no ر in font nullfont!
Missing character: There is no و in font nullfont!
Missing character: There is no ش in font nullfont!
Missing character: There is no ‌ in font nullfont!
Missing character: There is no ه in font nullfont!
Missing character: There is no ا in font nullfont!
Missing character: There is no ی in font nullfont!
Missing character: There is no ع in font nullfont!
Missing character: There is no د in font nullfont!
Missing character: There is no د in font nullfont!
Missing character: There is no ی in font nullfont!
Missing character: There is no د in font nullfont!
Missing character: There is no ر in font nullfont!
Missing character: There is no ح in font nullfont!
Missing character: There is no ل in font nullfont!
Missing character: There is no م in font nullfont!
Missing character: There is no س in font nullfont!
Missing character: There is no ا in font nullfont!
Missing character: There is no ئ in font nullfont!
Missing character: There is no ل in font nullfont!
Missing character: There is no م in font nullfont!
Missing character: There is no ه in font nullfont!
Missing character: There is no ن in font nullfont!
Missing character: There is no د in font nullfont!
Missing character: There is no س in font nullfont!
Missing character: There is no ی in font nullfont!
Missing character: There is no و in font nullfont!
Missing character: There is no ع in font nullfont!
Missing character: There is no ل in font nullfont!
Missing character: There is no م in font nullfont!
Missing character: There is no ی in font nullfont!
Missing character: There is no . in font nullfont!
! Undefined control sequence.
l.17 \section
             {کاربردهای جبر خطی عددی}
The control sequence at the end of the top line
of your error message was never \def'ed. If you have
misspelled it (e.g., `\hobx'), type `I' and the correct
spelling (e.g., `I\hbox'). Otherwise just continue,
and I'll forget about whatever was undefined.

Missing character: There is no ک in font nullfont!
Missing character: There is no ا in font nullfont!
Missing character: There is no ر in font nullfont!
Missing character: There is no ب in font nullfont!
Missing character: There is no ر in font nullfont!
Missing character: There is no د in font nullfont!
Missing character: There is no ه in font nullfont!
Missing character: There is no ا in font nullfont!
Missing character: There is no ی in font nullfont!
Missing character: There is no ج in font nullfont!
Missing character: There is no ب in font nullfont!
Missing character: There is no ر in font nullfont!
Missing character: There is no خ in font nullfont!
Missing character: There is no ط in font nullfont!
Missing character: There is no ی in font nullfont!
Missing character: There is no ع in font nullfont!
Missing character: There is no د in font nullfont!
Missing character: There is no د in font nullfont!
Missing character: There is no ی in font nullfont!

Overfull \hbox (20.0pt too wide) in paragraph at lines 17--18
[]
 []

Missing character: There is no ج in font nullfont!
Missing character: There is no ب in font nullfont!
Missing character: There is no ر in font nullfont!
Missing character: There is no خ in font nullfont!
Missing character: There is no ط in font nullfont!
Missing character: There is no ی in font nullfont!
Missing character: There is no ع in font nullfont!
Missing character: There is no د in font nullfont!
Missing character: There is no د in font nullfont!
Missing character: There is no ی in font nullfont!
Missing character: There is no د in font nullfont!
Missing character: There is no ر in font nullfont!
Missing character: There is no ب in font nullfont!
Missing character: There is no س in font nullfont!
Missing character: There is no ی in font nullfont!
Missing character: There is no ا in font nullfont!
Missing character: There is no ر in font nullfont!
Missing character: There is no ی in font nullfont!
Missing character: There is no ا in font nullfont!
Missing character: There is no ز in font nullfont!
Missing character: There is no ز in font nullfont!
Missing character: There is no م in font nullfont!
Missing character: There is no ی in font nullfont!
Missing character: There is no ن in font nullfont!
Missing character: There is no ه in font nullfont!
Missing character: There is no ‌ in font nullfont!
Missing character: There is no ه in font nullfont!
Missing character: There is no ا in font nullfont!
Missing character: There is no م in font nullfont!
Missing character: There is no و in font nullfont!
Missing character: There is no ر in font nullfont!
Missing character: There is no د in font nullfont!
Missing character: There is no ا in font nullfont!
Missing character: There is no س in font nullfont!
Missing character: There is no ت in font nullfont!
Missing character: There is no ف in font nullfont!
Missing character: There is no ا in font nullfont!
Missing character: There is no د in font nullfont!
Missing character: There is no ه in font nullfont!
Missing character: There is no ق in font nullfont!
Missing character: There is no ر in font nullfont!
Missing character: There is no ا in font nullfont!
Missing character: There is no ر in font nullfont!
Missing character: There is no م in font nullfont!
Missing character: There is no ی in font nullfont!
Missing character: There is no ‌ in font nullfont!
Missing character: There is no گ in font nullfont!
Missing character: There is no ی in font nullfont!
Missing character: There is no ر in font nullfont!
Missing character: There is no د in font nullfont!
Missing character: There is no ، in font nullfont!
Missing character: There is no ا in font nullfont!
Missing character: There is no ز in font nullfont!
Missing character: There is no ج in font nullfont!
Missing character: There is no م in font nullfont!
Missing character: There is no ل in font nullfont!
Missing character: There is no ه in font nullfont!
Missing character: There is no : in font nullfont!

Overfull \hbox (20.0pt too wide) in paragraph at lines 19--20
[]
 []


Overfull \hbox (20.0pt too wide) in paragraph at lines 21--21
[] 
 []

Missing character: There is no م in font [lmroman10-bold]:mapping=tex-text;!
Missing character: There is no ه in font [lmroman10-bold]:mapping=tex-text;!
Missing character: There is no ن in font [lmroman10-bold]:mapping=tex-text;!
Missing character: There is no د in font [lmroman10-bold]:mapping=tex-text;!
Missing character: There is no س in font [lmroman10-bold]:mapping=tex-text;!
Missing character: There is no ی in font [lmroman10-bold]:mapping=tex-text;!
Missing character: There is no ت in font nullfont!
Missing character: There is no ح in font nullfont!
Missing character: There is no ل in font nullfont!
Missing character: There is no ی in font nullfont!
Missing character: There is no ل in font nullfont!
Missing character: There is no س in font nullfont!
Missing character: There is no ا in font nullfont!
Missing character: There is no ز in font nullfont!
Missing character: There is no ه in font nullfont!
Missing character: There is no ‌ in font nullfont!
Missing character: There is no ه in font nullfont!
Missing character: There is no ا in font nullfont!
Missing character: There is no ، in font nullfont!
Missing character: There is no پ in font nullfont!
Missing character: There is no ر in font nullfont!
Missing character: There is no د in font nullfont!
Missing character: There is no ا in font nullfont!
Missing character: There is no ز in font nullfont!
Missing character: There is no ش in font nullfont!
Missing character: There is no س in font nullfont!
Missing character: There is no ی in font nullfont!
Missing character: There is no گ in font nullfont!
Missing character: There is no ن in font nullfont!
Missing character: There is no ا in font nullfont!
Missing character: There is no ل in font nullfont!
Missing character: There is no و in font nullfont!
Missing character: There is no ش in font nullfont!
Missing character: There is no ب in font nullfont!
Missing character: There is no ی in font nullfont!
Missing character: There is no ه in font nullfont!
Missing character: There is no ‌ in font nullfont!
Missing character: There is no س in font nullfont!
Missing character: There is no ا in font nullfont!
Missing character: There is no ز in font nullfont!
Missing character: There is no ی in font nullfont!
Missing character: There is no ‌ in font nullfont!
Missing character: There is no ه in font nullfont!
Missing character: There is no ا in font nullfont!
Missing character: There is no ی in font nullfont!
Missing character: There is no م in font nullfont!
Missing character: There is no ه in font nullfont!
Missing character: There is no ن in font nullfont!
Missing character: There is no د in font nullfont!
Missing character: There is no س in font nullfont!
Missing character: There is no ی in font nullfont!
Missing character: There is no . in font nullfont!

Overfull \hbox (19.99pt too wide) in paragraph at lines 22--23
\TU/lmr/bx/n/10 مهندسی:
 []

Missing character: There is no ع in font [lmroman10-bold]:mapping=tex-text;!
Missing character: There is no ل in font [lmroman10-bold]:mapping=tex-text;!
Missing character: There is no و in font [lmroman10-bold]:mapping=tex-text;!
Missing character: There is no م in font [lmroman10-bold]:mapping=tex-text;!
Missing character: There is no د in font [lmroman10-bold]:mapping=tex-text;!
Missing character: There is no ا in font [lmroman10-bold]:mapping=tex-text;!
Missing character: There is no د in font [lmroman10-bold]:mapping=tex-text;!
Missing character: There is no ه in font [lmroman10-bold]:mapping=tex-text;!
Missing character: There is no و in font [lmroman10-bold]:mapping=tex-text;!
Missing character: There is no ی in font [lmroman10-bold]:mapping=tex-text;!
Missing character: There is no ا in font [lmroman10-bold]:mapping=tex-text;!
Missing character: There is no د in font [lmroman10-bold]:mapping=tex-text;!
Missing character: There is no گ in font [lmroman10-bold]:mapping=tex-text;!
Missing character: There is no ی in font [lmroman10-bold]:mapping=tex-text;!
Missing character: There is no ر in font [lmroman10-bold]:mapping=tex-text;!
Missing character: There is no ی in font [lmroman10-bold]:mapping=tex-text;!
Missing character: There is no م in font [lmroman10-bold]:mapping=tex-text;!
Missing character: There is no ا in font [lmroman10-bold]:mapping=tex-text;!
Missing character: There is no ش in font [lmroman10-bold]:mapping=tex-text;!
Missing character: There is no ی in font [lmroman10-bold]:mapping=tex-text;!
Missing character: There is no ن in font [lmroman10-bold]:mapping=tex-text;!
Missing character: There is no ک in font nullfont!
Missing character: There is no ا in font nullfont!
Missing character: There is no ه in font nullfont!
Missing character: There is no ش in font nullfont!
Missing character: There is no ا in font nullfont!
Missing character: There is no ب in font nullfont!
Missing character: There is no ع in font nullfont!
Missing character: There is no ا in font nullfont!
Missing character: There is no د in font nullfont!
Missing character: There is no د in font nullfont!
Missing character: There is no ا in font nullfont!
Missing character: There is no د in font nullfont!
Missing character: There is no ه in font nullfont!
Missing character: There is no ، in font nullfont!
Missing character: There is no ا in font nullfont!
Missing character: There is no ل in font nullfont!
Missing character: There is no گ in font nullfont!
Missing character: There is no و in font nullfont!
Missing character: There is no ر in font nullfont!
Missing character: There is no ی in font nullfont!
Missing character: There is no ت in font nullfont!
Missing character: There is no م in font nullfont!
Missing character: There is no ‌ in font nullfont!
Missing character: There is no ه in font nullfont!
Missing character: There is no ا in font nullfont!
Missing character: There is no ی in font nullfont!
Missing character: There is no ب in font nullfont!
Missing character: There is no ه in font nullfont!
Missing character: There is no ی in font nullfont!
Missing character: There is no ن in font nullfont!
Missing character: There is no ه in font nullfont!
Missing character: There is no ‌ in font nullfont!
Missing character: There is no س in font nullfont!
Missing character: There is no ا in font nullfont!
Missing character: There is no ز in font nullfont!
Missing character: There is no ی in font nullfont!
Missing character: There is no و in font nullfont!
Missing character: There is no ت in font nullfont!
Missing character: There is no ح in font nullfont!
Missing character: There is no ل in font nullfont!
Missing character: There is no ی in font nullfont!
Missing character: There is no ل in font nullfont!
Missing character: There is no د in font nullfont!
Missing character: There is no ا in font nullfont!
Missing character: There is no د in font nullfont!
Missing character: There is no ه in font nullfont!
Missing character: There is no ‌ in font nullfont!
Missing character: There is no ه in font nullfont!
Missing character: There is no ا in font nullfont!
Missing character: There is no ی in font nullfont!
Missing character: There is no ب in font nullfont!
Missing character: There is no ز in font nullfont!
Missing character: There is no ر in font nullfont!
Missing character: There is no گ in font nullfont!
Missing character: There is no . in font nullfont!

Overfull \hbox (11.2pt too wide) in paragraph at lines 23--24
\TU/lmr/bx/n/10 علوم
 []


Overfull \hbox (11.2pt too wide) in paragraph at lines 23--24
\TU/lmr/bx/n/10 داده
 []


Overfull \hbox (2.8pt too wide) in paragraph at lines 23--24
\TU/lmr/bx/n/10 و
 []


Overfull \hbox (19.6pt too wide) in paragraph at lines 23--24
\TU/lmr/bx/n/10 یادگیری
 []


Overfull \hbox (17.19pt too wide) in paragraph at lines 23--24
\TU/lmr/bx/n/10 ماشین:
 []

Missing character: There is no گ in font [lmroman10-bold]:mapping=tex-text;!
Missing character: There is no ر in font [lmroman10-bold]:mapping=tex-text;!
Missing character: There is no ا in font [lmroman10-bold]:mapping=tex-text;!
Missing character: There is no ف in font [lmroman10-bold]:mapping=tex-text;!
Missing character: There is no ی in font [lmroman10-bold]:mapping=tex-text;!
Missing character: There is no ک in font [lmroman10-bold]:mapping=tex-text;!
Missing character: There is no ک in font [lmroman10-bold]:mapping=tex-text;!
Missing character: There is no ا in font [lmroman10-bold]:mapping=tex-text;!
Missing character: There is no م in font [lmroman10-bold]:mapping=tex-text;!
Missing character: There is no پ in font [lmroman10-bold]:mapping=tex-text;!
Missing character: There is no ی in font [lmroman10-bold]:mapping=tex-text;!
Missing character: There is no و in font [lmroman10-bold]:mapping=tex-text;!
Missing character: There is no ت in font [lmroman10-bold]:mapping=tex-text;!
Missing character: There is no ر in font [lmroman10-bold]:mapping=tex-text;!
Missing character: There is no ی in font [lmroman10-bold]:mapping=tex-text;!
Missing character: There is no پ in font nullfont!
Missing character: There is no ر in font nullfont!
Missing character: There is no د in font nullfont!
Missing character: There is no ا in font nullfont!
Missing character: There is no ز in font nullfont!
Missing character: There is no ش in font nullfont!
Missing character: There is no ت in font nullfont!
Missing character: There is no ص in font nullfont!
Missing character: There is no ا in font nullfont!
Missing character: There is no و in font nullfont!
Missing character: There is no ی in font nullfont!
Missing character: There is no ر in font nullfont!
Missing character: There is no ، in font nullfont!
Missing character: There is no ر in font nullfont!
Missing character: There is no ن in font nullfont!
Missing character: There is no د in font nullfont!
Missing character: There is no ر in font nullfont!
Missing character: There is no ی in font nullfont!
Missing character: There is no ن in font nullfont!
Missing character: There is no گ in font nullfont!
Missing character: There is no س in font nullfont!
Missing character: There is no ه in font nullfont!
Missing character: There is no ‌ in font nullfont!
Missing character: There is no ب in font nullfont!
Missing character: There is no ع in font nullfont!
Missing character: There is no د in font nullfont!
Missing character: There is no ی in font nullfont!
Missing character: There is no و in font nullfont!
Missing character: There is no ف in font nullfont!
Missing character: There is no ش in font nullfont!
Missing character: There is no ر in font nullfont!
Missing character: There is no د in font nullfont!
Missing character: There is no ه in font nullfont!
Missing character: There is no ‌ in font nullfont!
Missing character: There is no س in font nullfont!
Missing character: There is no ا in font nullfont!
Missing character: There is no ز in font nullfont!
Missing character: There is no ی in font nullfont!
Missing character: There is no د in font nullfont!
Missing character: There is no ا in font nullfont!
Missing character: There is no د in font nullfont!
Missing character: There is no ه in font nullfont!
Missing character: There is no ‌ in font nullfont!
Missing character: There is no ه in font nullfont!
Missing character: There is no ا in font nullfont!
Missing character: There is no . in font nullfont!

Overfull \hbox (16.8pt too wide) in paragraph at lines 24--25
\TU/lmr/bx/n/10 گرافیک
 []


Overfull \hbox (28.39pt too wide) in paragraph at lines 24--25
\TU/lmr/bx/n/10 کامپیوتری:
 []

Missing character: There is no ا in font [lmroman10-bold]:mapping=tex-text;!
Missing character: There is no ق in font [lmroman10-bold]:mapping=tex-text;!
Missing character: There is no ت in font [lmroman10-bold]:mapping=tex-text;!
Missing character: There is no ص in font [lmroman10-bold]:mapping=tex-text;!
Missing character: There is no ا in font [lmroman10-bold]:mapping=tex-text;!
Missing character: There is no د in font [lmroman10-bold]:mapping=tex-text;!
Missing character: There is no و in font [lmroman10-bold]:mapping=tex-text;!
Missing character: There is no م in font [lmroman10-bold]:mapping=tex-text;!
Missing character: There is no ا in font [lmroman10-bold]:mapping=tex-text;!
Missing character: There is no ل in font [lmroman10-bold]:mapping=tex-text;!
Missing character: There is no ی in font [lmroman10-bold]:mapping=tex-text;!
Missing character: There is no م in font nullfont!
Missing character: There is no د in font nullfont!
Missing character: There is no ل in font nullfont!
Missing character: There is no ‌ in font nullfont!
Missing character: There is no س in font nullfont!
Missing character: There is no ا in font nullfont!
Missing character: There is no ز in font nullfont!
Missing character: There is no ی in font nullfont!
Missing character: There is no م in font nullfont!
Missing character: There is no ا in font nullfont!
Missing character: There is no ل in font nullfont!
Missing character: There is no ی in font nullfont!
Missing character: There is no ، in font nullfont!
Missing character: There is no ب in font nullfont!
Missing character: There is no ه in font nullfont!
Missing character: There is no ی in font nullfont!
Missing character: There is no ن in font nullfont!
Missing character: There is no ه in font nullfont!
Missing character: There is no ‌ in font nullfont!
Missing character: There is no س in font nullfont!
Missing character: There is no ا in font nullfont!
Missing character: There is no ز in font nullfont!
Missing character: There is no ی in font nullfont!
Missing character: There is no س in font nullfont!
Missing character: There is no ب in font nullfont!
Missing character: There is no د in font nullfont!
Missing character: There is no س in font nullfont!
Missing character: There is no ر in font nullfont!
Missing character: There is no م in font nullfont!
Missing character: There is no ا in font nullfont!
Missing character: There is no ی in font nullfont!
Missing character: There is no ه in font nullfont!
Missing character: There is no ‌ in font nullfont!
Missing character: There is no گ in font nullfont!
Missing character: There is no ذ in font nullfont!
Missing character: There is no ا in font nullfont!
Missing character: There is no ر in font nullfont!
Missing character: There is no ی in font nullfont!
Missing character: There is no و in font nullfont!
Missing character: There is no ت in font nullfont!
Missing character: There is no ح in font nullfont!
Missing character: There is no ل in font nullfont!
Missing character: There is no ی in font nullfont!
Missing character: There is no ل in font nullfont!
Missing character: There is no د in font nullfont!
Missing character: There is no ا in font nullfont!
Missing character: There is no د in font nullfont!
Missing character: There is no ه in font nullfont!
Missing character: There is no ‌ in font nullfont!
Missing character: There is no ه in font nullfont!
Missing character: There is no ا in font nullfont!
Missing character: There is no ی in font nullfont!
Missing character: There is no ا in font nullfont!
Missing character: There is no ق in font nullfont!
Missing character: There is no ت in font nullfont!
Missing character: There is no ص in font nullfont!
Missing character: There is no ا in font nullfont!
Missing character: There is no د in font nullfont!
Missing character: There is no ی in font nullfont!
Missing character: There is no . in font nullfont!

Overfull \hbox (16.8pt too wide) in paragraph at lines 25--26
\TU/lmr/bx/n/10 اقتصاد
 []


Overfull \hbox (2.8pt too wide) in paragraph at lines 25--26
\TU/lmr/bx/n/10 و
 []


Overfull \hbox (14.39pt too wide) in paragraph at lines 25--26
\TU/lmr/bx/n/10 مالی:
 []

Missing character: There is no ف in font [lmroman10-bold]:mapping=tex-text;!
Missing character: There is no ی in font [lmroman10-bold]:mapping=tex-text;!
Missing character: There is no ز in font [lmroman10-bold]:mapping=tex-text;!
Missing character: There is no ی in font [lmroman10-bold]:mapping=tex-text;!
Missing character: There is no ک in font [lmroman10-bold]:mapping=tex-text;!
Missing character: There is no و in font [lmroman10-bold]:mapping=tex-text;!
Missing character: There is no ش in font [lmroman10-bold]:mapping=tex-text;!
Missing character: There is no ی in font [lmroman10-bold]:mapping=tex-text;!
Missing character: There is no م in font [lmroman10-bold]:mapping=tex-text;!
Missing character: There is no ی in font [lmroman10-bold]:mapping=tex-text;!
Missing character: There is no م in font [lmroman10-bold]:mapping=tex-text;!
Missing character: There is no ح in font [lmroman10-bold]:mapping=tex-text;!
Missing character: There is no ا in font [lmroman10-bold]:mapping=tex-text;!
Missing character: There is no س in font [lmroman10-bold]:mapping=tex-text;!
Missing character: There is no ب in font [lmroman10-bold]:mapping=tex-text;!
Missing character: There is no ا in font [lmroman10-bold]:mapping=tex-text;!
Missing character: There is no ت in font [lmroman10-bold]:mapping=tex-text;!
Missing character: There is no ی in font [lmroman10-bold]:mapping=tex-text;!
Missing character: There is no ش in font nullfont!
Missing character: There is no ب in font nullfont!
Missing character: There is no ی in font nullfont!
Missing character: There is no ه in font nullfont!
Missing character: There is no ‌ in font nullfont!
Missing character: There is no س in font nullfont!
Missing character: There is no ا in font nullfont!
Missing character: There is no ز in font nullfont!
Missing character: There is no ی in font nullfont!
Missing character: There is no د in font nullfont!
Missing character: There is no ی in font nullfont!
Missing character: There is no ن in font nullfont!
Missing character: There is no ا in font nullfont!
Missing character: There is no م in font nullfont!
Missing character: There is no ی in font nullfont!
Missing character: There is no ک in font nullfont!
Missing character: There is no م in font nullfont!
Missing character: There is no و in font nullfont!
Missing character: There is no ل in font nullfont!
Missing character: There is no ک in font nullfont!
Missing character: There is no و in font nullfont!
Missing character: There is no ل in font nullfont!
Missing character: There is no ی in font nullfont!
Missing character: There is no و in font nullfont!
Missing character: There is no ت in font nullfont!
Missing character: There is no ح in font nullfont!
Missing character: There is no ل in font nullfont!
Missing character: There is no ی in font nullfont!
Missing character: There is no ل in font nullfont!
Missing character: There is no س in font nullfont!
Missing character: There is no ی in font nullfont!
Missing character: There is no س in font nullfont!
Missing character: There is no ت in font nullfont!
Missing character: There is no م in font nullfont!
Missing character: There is no ‌ in font nullfont!
Missing character: There is no ه in font nullfont!
Missing character: There is no ا in font nullfont!
Missing character: There is no ی in font nullfont!
Missing character: There is no پ in font nullfont!
Missing character: There is no ی in font nullfont!
Missing character: There is no چ in font nullfont!
Missing character: There is no ی in font nullfont!
Missing character: There is no د in font nullfont!
Missing character: There is no ه in font nullfont!
Missing character: There is no . in font nullfont!

Overfull \hbox (14.0pt too wide) in paragraph at lines 26--27
\TU/lmr/bx/n/10 فیزیک
 []


Overfull \hbox (2.8pt too wide) in paragraph at lines 26--27
\TU/lmr/bx/n/10 و
 []


Overfull \hbox (11.2pt too wide) in paragraph at lines 26--27
\TU/lmr/bx/n/10 شیمی
 []


Overfull \hbox (25.59pt too wide) in paragraph at lines 26--27
\TU/lmr/bx/n/10 محاسباتی:
 []

)
! Emergency stop.
<*> moghadamat.tex
                  
*** (job aborted, no legal \end found)

 
Here is how much of TeX's memory you used:
 21 strings out of 477401
 411 string characters out of 5835145
 280622 words of memory out of 5000000
 19650 multiletter control sequences out of 15000+600000
 535096 words of font info for 30 fonts, out of 8000000 for 9000
 1348 hyphenation exceptions out of 8191
 13i,1n,15p,203b,110s stack positions out of 5000i,500n,10000p,200000b,80000s
No pages of output.
